<?xml version="1.0" encoding="UTF-8"?>
<!-- Generated by org.testng.reporters.JUnitReportReporter -->
<testsuite hostname="mina" failures="0" tests="5" name="runner_files.Runner_TESTNG" time="32.148" errors="0" timestamp="07 Aug 2024 00:02:11 GMT" skipped="0">
  <testcase classname="runner_files.Runner_TESTNG" name="runScenario" time="6.102"/>
  <testcase classname="runner_files.Runner_TESTNG" name="runScenario" time="7.647"/>
  <testcase classname="runner_files.Runner_TESTNG" name="runScenario" time="4.191"/>
  <testcase classname="runner_files.Runner_TESTNG" name="runScenario" time="7.080"/>
  <testcase classname="runner_files.Runner_TESTNG" name="runScenario" time="7.128"/>
</testsuite> <!-- runner_files.Runner_TESTNG -->
